<?xml version="1.0" encoding="UTF-8"?>
<!-- Generated by org.testng.reporters.JUnitReportReporter -->
<testsuite skipped="1" hostname="Bhuvaneshwaran" name="com.TestNG.TestNGProject.Annotations" tests="3" failures="0" timestamp="29 May 2019 14:32:01 GMT" time="0.014" errors="0">
  <testcase name="test5" time="0.012" classname="com.TestNG.TestNGProject.Annotations"/>
  <testcase name="test6" time="0.002" classname="com.TestNG.TestNGProject.Annotations"/>
  <testcase name="test2" classname="com.TestNG.TestNGProject.Annotations">
    <skipped/>
  </testcase> <!-- test2 -->
</testsuite> <!-- com.TestNG.TestNGProject.Annotations -->
